<?xml version="1.0" encoding="UTF-8"?>
<coverage generated="1649426300119" clover="3.2.0">
  <project timestamp="1649426300120" name="All files">
    <metrics statements="10" coveredstatements="10" conditionals="2" coveredconditionals="1" methods="8" coveredmethods="8" elements="20" coveredelements="19" complexity="0" loc="10" ncloc="10" packages="4" files="7" classes="7"/>
    <package name="components">
      <metrics statements="4" coveredstatements="4" conditionals="0" coveredconditionals="0" methods="5" coveredmethods="5"/>
      <file name="PokemonItem.vue" path="/home/matheusav/Área de Trabalho/Pokemon/FE/pokemon_front2/src/components/PokemonItem.vue">
        <metrics statements="2" coveredstatements="2" conditionals="0" coveredconditionals="0" methods="3" coveredmethods="3"/>
        <line num="1" count="22" type="stmt"/>
        <line num="25" count="6" type="stmt"/>
      </file>
      <file name="PokemonList.vue" path="/home/matheusav/Área de Trabalho/Pokemon/FE/pokemon_front2/src/components/PokemonList.vue">
        <metrics statements="1" coveredstatements="1" conditionals="0" coveredconditionals="0" methods="1" coveredmethods="1"/>
        <line num="1" count="35" type="stmt"/>
      </file>
      <file name="PokemonMain.vue" path="/home/matheusav/Área de Trabalho/Pokemon/FE/pokemon_front2/src/components/PokemonMain.vue">
        <metrics statements="1" coveredstatements="1" conditionals="0" coveredconditionals="0" methods="1" coveredmethods="1"/>
        <line num="1" count="12" type="stmt"/>
      </file>
    </package>
    <package name="gateways">
      <metrics statements="3" coveredstatements="3" conditionals="0" coveredconditionals="0" methods="1" coveredmethods="1"/>
      <file name="pokemon_api.js" path="/home/matheusav/Área de Trabalho/Pokemon/FE/pokemon_front2/src/gateways/pokemon_api.js">
        <metrics statements="3" coveredstatements="3" conditionals="0" coveredconditionals="0" methods="1" coveredmethods="1"/>
        <line num="3" count="3" type="stmt"/>
        <line num="5" count="1" type="stmt"/>
        <line num="6" count="1" type="stmt"/>
      </file>
    </package>
    <package name="http">
      <metrics statements="1" coveredstatements="1" conditionals="0" coveredconditionals="0" methods="0" coveredmethods="0"/>
      <file name="index.js" path="/home/matheusav/Área de Trabalho/Pokemon/FE/pokemon_front2/src/http/index.js">
        <metrics statements="1" coveredstatements="1" conditionals="0" coveredconditionals="0" methods="0" coveredmethods="0"/>
        <line num="3" count="2" type="stmt"/>
      </file>
    </package>
    <package name="views">
      <metrics statements="2" coveredstatements="2" conditionals="2" coveredconditionals="1" methods="2" coveredmethods="2"/>
      <file name="DetailView.vue" path="/home/matheusav/Área de Trabalho/Pokemon/FE/pokemon_front2/src/views/DetailView.vue">
        <metrics statements="1" coveredstatements="1" conditionals="2" coveredconditionals="1" methods="1" coveredmethods="1"/>
        <line num="1" count="15" type="cond" truecount="1" falsecount="1"/>
      </file>
      <file name="HomeView.vue" path="/home/matheusav/Área de Trabalho/Pokemon/FE/pokemon_front2/src/views/HomeView.vue">
        <metrics statements="1" coveredstatements="1" conditionals="0" coveredconditionals="0" methods="1" coveredmethods="1"/>
        <line num="1" count="6" type="stmt"/>
      </file>
    </package>
  </project>
</coverage>
