{"/home/matheusav/Área de Trabalho/Pokemon/FE/pokemon_front2/src/components/PokemonItem.vue": {"path":"/home/matheusav/Área de Trabalho/Pokemon/FE/pokemon_front2/src/components/PokemonItem.vue","statementMap":{"0":{"start":{"line":25,"column":0},"end":{"line":25,"column":null}},"1":{"start":{"line":1,"column":0},"end":{"line":1,"column":null}}},"fnMap":{"0":{"name":"(anonymous_0)","decl":{"start":{"line":24,"column":0},"end":{"line":24,"column":null}},"loc":{"start":{"line":24,"column":0},"end":{"line":29,"column":null}}},"1":{"name":"(anonymous_1)","decl":{"start":{"line":25,"column":0},"end":{"line":25,"column":null}},"loc":{"start":{"line":25,"column":0},"end":{"line":25,"column":null}}},"2":{"name":"(anonymous_2)","decl":{"start":{"line":1,"column":0},"end":{"line":1,"column":null}},"loc":{"start":{"line":1,"column":0},"end":{"line":1,"column":null}}}},"branchMap":{},"s":{"0":6,"1":22},"f":{"0":3,"1":3,"2":4},"b":{}}
,"/home/matheusav/Área de Trabalho/Pokemon/FE/pokemon_front2/src/components/PokemonList.vue": {"path":"/home/matheusav/Área de Trabalho/Pokemon/FE/pokemon_front2/src/components/PokemonList.vue","statementMap":{"0":{"start":{"line":1,"column":0},"end":{"line":1,"column":null}}},"fnMap":{"0":{"name":"(anonymous_0)","decl":{"start":{"line":1,"column":0},"end":{"line":1,"column":null}},"loc":{"start":{"line":1,"column":0},"end":{"line":1,"column":null}}}},"branchMap":{},"s":{"0":35},"f":{"0":14},"b":{}}
,"/home/matheusav/Área de Trabalho/Pokemon/FE/pokemon_front2/src/components/PokemonMain.vue": {"path":"/home/matheusav/Área de Trabalho/Pokemon/FE/pokemon_front2/src/components/PokemonMain.vue","statementMap":{"0":{"start":{"line":1,"column":0},"end":{"line":1,"column":null}}},"fnMap":{"0":{"name":"(anonymous_0)","decl":{"start":{"line":1,"column":0},"end":{"line":1,"column":null}},"loc":{"start":{"line":1,"column":0},"end":{"line":1,"column":null}}}},"branchMap":{},"s":{"0":12},"f":{"0":2},"b":{}}
,"/home/matheusav/Área de Trabalho/Pokemon/FE/pokemon_front2/src/gateways/pokemon_api.js": {"path":"/home/matheusav/Área de Trabalho/Pokemon/FE/pokemon_front2/src/gateways/pokemon_api.js","statementMap":{"0":{"start":{"line":3,"column":16},"end":{"line":8,"column":1}},"1":{"start":{"line":5,"column":21},"end":{"line":5,"column":70}},"2":{"start":{"line":6,"column":4},"end":{"line":6,"column":16}}},"fnMap":{"0":{"name":"(anonymous_0)","decl":{"start":{"line":4,"column":18},"end":{"line":4,"column":19}},"loc":{"start":{"line":4,"column":30},"end":{"line":7,"column":3}},"line":4}},"branchMap":{},"s":{"0":3,"1":1,"2":1},"f":{"0":1},"b":{},"_coverageSchema":"1a1c01bbd47fc00a2c39e90264f33305004495a9","hash":"3359df8a1c9e89e41fea1090e34a1288ade9828b"}
,"/home/matheusav/Área de Trabalho/Pokemon/FE/pokemon_front2/src/http/index.js": {"path":"/home/matheusav/Área de Trabalho/Pokemon/FE/pokemon_front2/src/http/index.js","statementMap":{"0":{"start":{"line":3,"column":13},"end":{"line":5,"column":2}}},"fnMap":{},"branchMap":{},"s":{"0":2},"f":{},"b":{},"_coverageSchema":"1a1c01bbd47fc00a2c39e90264f33305004495a9","hash":"7f97ff156ce94cafc54c833ac5bfedc429007ca2"}
,"/home/matheusav/Área de Trabalho/Pokemon/FE/pokemon_front2/src/views/DetailView.vue": {"path":"/home/matheusav/Área de Trabalho/Pokemon/FE/pokemon_front2/src/views/DetailView.vue","statementMap":{"0":{"start":{"line":1,"column":0},"end":{"line":1,"column":null}}},"fnMap":{"0":{"name":"(anonymous_0)","decl":{"start":{"line":1,"column":0},"end":{"line":1,"column":null}},"loc":{"start":{"line":1,"column":0},"end":{"line":1,"column":null}}}},"branchMap":{"0":{"loc":{"start":{"line":1,"column":0},"end":{"line":1,"column":null}},"type":"cond-expr","locations":[{"start":{"line":1,"column":0},"end":{"line":1,"column":null}},{"start":{"line":1,"column":0},"end":{"line":1,"column":null}}]}},"s":{"0":24},"f":{"0":7},"b":{"0":[0,7]}}
,"/home/matheusav/Área de Trabalho/Pokemon/FE/pokemon_front2/src/views/HomeView.vue": {"path":"/home/matheusav/Área de Trabalho/Pokemon/FE/pokemon_front2/src/views/HomeView.vue","statementMap":{"0":{"start":{"line":1,"column":0},"end":{"line":1,"column":null}}},"fnMap":{"0":{"name":"(anonymous_0)","decl":{"start":{"line":1,"column":0},"end":{"line":1,"column":null}},"loc":{"start":{"line":1,"column":0},"end":{"line":1,"column":null}}}},"branchMap":{},"s":{"0":6},"f":{"0":1},"b":{}}
}
