TN:
SF:src/components/PokemonItem.vue
FN:24,(anonymous_0)
FN:25,(anonymous_1)
FN:1,(anonymous_2)
FNF:3
FNH:3
FNDA:3,(anonymous_0)
FNDA:3,(anonymous_1)
FNDA:4,(anonymous_2)
DA:1,22
DA:25,6
LF:2
LH:2
BRF:0
BRH:0
end_of_record
TN:
SF:src/components/PokemonList.vue
FN:1,(anonymous_0)
FNF:1
FNH:1
FNDA:14,(anonymous_0)
DA:1,35
LF:1
LH:1
BRF:0
BRH:0
end_of_record
TN:
SF:src/components/PokemonMain.vue
FN:1,(anonymous_0)
FNF:1
FNH:1
FNDA:2,(anonymous_0)
DA:1,12
LF:1
LH:1
BRF:0
BRH:0
end_of_record
TN:
SF:src/gateways/pokemon_api.js
FN:4,(anonymous_0)
FNF:1
FNH:1
FNDA:1,(anonymous_0)
DA:3,3
DA:5,1
DA:6,1
LF:3
LH:3
BRF:0
BRH:0
end_of_record
TN:
SF:src/http/index.js
FNF:0
FNH:0
DA:3,2
LF:1
LH:1
BRF:0
BRH:0
end_of_record
TN:
SF:src/views/DetailView.vue
FN:1,(anonymous_0)
FNF:1
FNH:1
FNDA:7,(anonymous_0)
DA:1,24
LF:1
LH:1
BRDA:1,0,0,0
BRDA:1,0,1,7
BRF:2
BRH:1
end_of_record
TN:
SF:src/views/HomeView.vue
FN:1,(anonymous_0)
FNF:1
FNH:1
FNDA:1,(anonymous_0)
DA:1,6
LF:1
LH:1
BRF:0
BRH:0
end_of_record
